  host_cmd.c
  Generating code
  2 of 1840 functions ( 0.1%) were compiled, the rest were copied from previous compilation.
    0 functions were new in current compilation
    42 functions had inline decision re-evaluated but remain unchanged
  Finished generating code
  quakespasm-sdl2.vcxproj -> C:\Users\lambe\source\repos\quakespasm\Windows\VisualStudio\Build-quakespasm-sdl2\x64\Release\quakespasm-sdl2.exe
  C:\Users\lambe\source\repos\quakespasm\Windows\VisualStudio\\..\codecs\x64\libFLAC-8.dll
  C:\Users\lambe\source\repos\quakespasm\Windows\VisualStudio\\..\codecs\x64\libmad-0.dll
  C:\Users\lambe\source\repos\quakespasm\Windows\VisualStudio\\..\codecs\x64\libmikmod-3.dll
  C:\Users\lambe\source\repos\quakespasm\Windows\VisualStudio\\..\codecs\x64\libmpg123-0.dll
  C:\Users\lambe\source\repos\quakespasm\Windows\VisualStudio\\..\codecs\x64\libogg-0.dll
  C:\Users\lambe\source\repos\quakespasm\Windows\VisualStudio\\..\codecs\x64\libopus-0.dll
  C:\Users\lambe\source\repos\quakespasm\Windows\VisualStudio\\..\codecs\x64\libopusfile-0.dll
  C:\Users\lambe\source\repos\quakespasm\Windows\VisualStudio\\..\codecs\x64\libvorbis-0.dll
  C:\Users\lambe\source\repos\quakespasm\Windows\VisualStudio\\..\codecs\x64\libvorbisfile-3.dll
  C:\Users\lambe\source\repos\quakespasm\Windows\VisualStudio\\..\codecs\x64\libxmp.dll
         10 file(s) copied.
  C:\Users\lambe\source\repos\quakespasm\Windows\VisualStudio\\..\SDL2\lib64\SDL2.dll
          1 file(s) copied.
